\BOOKMARK [1][-]{section.1}{\376\377\145\207\163\056\173\241\164\006\217\157\116\366}{}% 1
\BOOKMARK [2][-]{subsection.1.1}{\376\377\116\313\176\315}{section.1}% 2
\BOOKMARK [2][-]{subsection.1.2}{\376\377\116\013\217\175\133\211\210\305}{section.1}% 3
\BOOKMARK [2][-]{subsection.1.3}{\376\377\145\207\163\056\133\374\121\145\145\271\154\325}{section.1}% 4
\BOOKMARK [2][-]{subsection.1.4}{\376\377\127\050\000W\000o\000r\000d\116\055\143\322\121\145}{section.1}% 5
\BOOKMARK [2][-]{subsection.1.5}{\376\377\123\302\200\003\145\207\163\056\150\067\137\017}{section.1}% 6
\BOOKMARK [3][-]{subsubsection.1.5.1}{\376\377\220\011\133\232\123\312\146\364\145\071\123\302\200\003\145\207\163\056\150\067\137\017}{subsection.1.5}% 7
\BOOKMARK [3][-]{subsubsection.1.5.2}{\376\377\126\375\150\007\150\067\137\017}{subsection.1.5}% 8
\BOOKMARK [2][-]{subsection.1.6}{\376\377\143\322\116\366}{section.1}% 9
\BOOKMARK [1][-]{section.2}{\376\377\000W\000o\000r\000d\166\370\121\163\144\315\117\134}{}% 10
\BOOKMARK [2][-]{subsection.2.1}{\376\377\121\154\137\017\143\222\162\110\166\370\121\163\167\345\213\306}{section.2}% 11
\BOOKMARK [2][-]{subsection.2.2}{\376\377\000W\000P\000S}{section.2}% 12
\BOOKMARK [3][-]{subsubsection.2.2.1}{\376\377\000W\000P\000S\117\030\177\072\160\271}{subsection.2.2}% 13
\BOOKMARK [3][-]{subsubsection.2.2.2}{\376\377\117\177\165\050\000M\000S\000\040\000O\000f\000f\000i\000c\000e}{subsection.2.2}% 14
\BOOKMARK [2][-]{subsection.2.3}{\376\377\000W\000o\000r\000d\152\041\147\177\117\177\165\050}{section.2}% 15
\BOOKMARK [2][-]{subsection.2.4}{\376\377\000W\000o\000r\000d\150\007\230\230\150\074\137\017}{section.2}% 16
\BOOKMARK [2][-]{subsection.2.5}{\376\377\166\356\137\125}{section.2}% 17
\BOOKMARK [2][-]{subsection.2.6}{\376\377\127\050\000W\000P\000S\116\055\117\177\165\050}{section.2}% 18
\BOOKMARK [3][-]{subsubsection.2.6.1}{\376\377\000W\000P\000S\116\023\116\032\162\110\116\013\217\175}{subsection.2.6}% 19
\BOOKMARK [3][-]{subsubsection.2.6.2}{\376\377\127\050\000W\000P\000S\117\177\165\050\152\041\147\177}{subsection.2.6}% 20
\BOOKMARK [3][-]{subsubsection.2.6.3}{\376\377\133\374\121\372\116\072\000P\000D\000F}{subsection.2.6}% 21
\BOOKMARK [2][-]{subsection.2.7}{\376\377\170\216\170\216\137\365}{section.2}% 22
\BOOKMARK [1][-]{section.3}{\376\377\000L\000a\000T\000e\000X\121\145\225\350}{}% 23
\BOOKMARK [2][-]{subsection.3.1}{\376\377\000L\000a\000t\000e\000x\173\200\116\313\123\312\116\016\000W\000o\000r\000d\133\371\153\324}{section.3}% 24
\BOOKMARK [3][-]{subsubsection.3.1.1}{\376\377\000L\000a\000T\000e\000X\173\200\116\313}{subsection.3.1}% 25
\BOOKMARK [3][-]{subsubsection.3.1.2}{\376\377\116\016\000W\000o\000r\000d\133\371\153\324}{subsection.3.1}% 26
\BOOKMARK [2][-]{subsection.3.2}{\376\377\116\013\217\175\133\211\210\305\123\312\117\177\165\050}{section.3}% 27
\BOOKMARK [2][-]{subsection.3.3}{\376\377\127\372\170\100\124\175\116\344}{section.3}% 28
\BOOKMARK [3][-]{subsubsection.3.3.1}{\376\377\172\340\202\202\116\016\153\265\204\075}{subsection.3.3}% 29
\BOOKMARK [3][-]{subsubsection.3.3.2}{\376\377\145\160\133\146\163\257\130\203}{subsection.3.3}% 30
\BOOKMARK [2][-]{subsection.3.4}{\376\377\172\015\172\015\217\333\226\066\124\175\116\344}{section.3}% 31
\BOOKMARK [2][-]{subsection.3.5}{\376\377\232\330\226\066\124\175\116\344}{section.3}% 32
\BOOKMARK [2][-]{subsection.3.6}{\376\377\133\374\121\145\123\302\200\003\145\207\163\056}{section.3}% 33
\BOOKMARK [2][-]{subsection.3.7}{\376\377\177\026\213\321}{section.3}% 34
\BOOKMARK [1][-]{section.4}{\376\377\121\166\116\326\232\330\176\247\143\222\162\110\217\157\116\366}{}% 35
\BOOKMARK [1][-]{section.4}{\376\377\123\302\200\003\145\207\163\056}{}% 36
